[ 2016-06-30 13:26:14.0171 66632/0x7fff7c369000 age/Wat/WatchdogMain.cpp:1291 ]: Starting Passenger watchdog...
[ 2016-06-30 13:26:14.0431 66634/0x7fff7c369000 age/Cor/CoreMain.cpp:982 ]: Starting Passenger core...
[ 2016-06-30 13:26:14.0441 66634/0x7fff7c369000 age/Cor/CoreMain.cpp:235 ]: Passenger core running in multi-application mode.
[ 2016-06-30 13:26:14.0525 66634/0x7fff7c369000 age/Cor/CoreMain.cpp:732 ]: Passenger core online, PID 66634
[ 2016-06-30 13:26:14.0644 66636/0x7fff7c369000 age/Ust/UstRouterMain.cpp:529 ]: Starting Passenger UstRouter...
[ 2016-06-30 13:26:14.0657 66636/0x7fff7c369000 age/Ust/UstRouterMain.cpp:342 ]: Passenger UstRouter online, PID 66636
App 66648 stdout: 
App 66648 stdout: hello, world


[ 2016-06-30 13:27:20.6535 66636/0x700000104000 age/Ust/UstRouterMain.cpp:422 ]: Signal received. Gracefully shutting down... (send signal 2 more time(s) to force shutdown)
[ 2016-06-30 13:27:20.6535 66634/0x70000018a000 age/Cor/CoreMain.cpp:532 ]: Signal received. Gracefully shutting down... (send signal 2 more time(s) to force shutdown)
[ 2016-06-30 13:27:20.6536 66634/0x7fff7c369000 age/Cor/CoreMain.cpp:901 ]: Received command to shutdown gracefully. Waiting until all clients have disconnected...
[ 2016-06-30 13:27:20.6536 66636/0x7fff7c369000 age/Ust/UstRouterMain.cpp:492 ]: Received command to shutdown gracefully. Waiting until all clients have disconnected...
[ 2016-06-30 13:27:20.6537 66634/0x7fff7c369000 age/Cor/CoreMain.cpp:819 ]: Checking whether to disconnect long-running connections for process 66648, application /Users/irisoliver/Desktop/Normal_data_webpage/public (development)
[ 2016-06-30 13:27:20.6538 66636/0x700000104000 Ser/Server.h:464 ]: [UstRouter] Shutdown finished
[ 2016-06-30 13:27:20.6539 66636/0x70000020a000 Ser/Server.h:816 ]: [UstRouterApiServer] Freed 0 spare client objects
[ 2016-06-30 13:27:20.6540 66636/0x70000020a000 Ser/Server.h:464 ]: [UstRouterApiServer] Shutdown finished
[ 2016-06-30 13:27:20.6542 66634/0x70000018a000 Ser/Server.h:816 ]: [ServerThr.1] Freed 128 spare client objects
[ 2016-06-30 13:27:20.6542 66634/0x70000018a000 Ser/Server.h:464 ]: [ServerThr.1] Shutdown finished
[ 2016-06-30 13:27:20.6544 66634/0x700000396000 Ser/Server.h:816 ]: [ServerThr.3] Freed 128 spare client objects
[ 2016-06-30 13:27:20.6544 66634/0x700000396000 Ser/Server.h:464 ]: [ServerThr.3] Shutdown finished
[ 2016-06-30 13:27:20.6542 66634/0x700000290000 Ser/Server.h:816 ]: [ServerThr.2] Freed 128 spare client objects
[ 2016-06-30 13:27:20.6546 66634/0x70000049c000 Ser/Server.h:816 ]: [ServerThr.4] Freed 128 spare client objects
[ 2016-06-30 13:27:20.6546 66634/0x700000290000 Ser/Server.h:464 ]: [ServerThr.2] Shutdown finished
[ 2016-06-30 13:27:20.6546 66634/0x70000049c000 Ser/Server.h:464 ]: [ServerThr.4] Shutdown finished
[ 2016-06-30 13:27:20.6548 66634/0x7000005a2000 Ser/Server.h:816 ]: [ApiServer] Freed 0 spare client objects
[ 2016-06-30 13:27:20.6548 66634/0x7000005a2000 Ser/Server.h:464 ]: [ApiServer] Shutdown finished
[ 2016-06-30 13:27:20.6550 66634/0x7fff7c369000 age/Cor/CoreMain.cpp:819 ]: Checking whether to disconnect long-running connections for process 66648, application /Users/irisoliver/Desktop/Normal_data_webpage/public (development)
[ 2016-06-30 13:27:20.6554 66636/0x7fff7c369000 age/Ust/UstRouterMain.cpp:523 ]: Passenger UstRouter shutdown finished
[ 2016-06-30 13:27:20.8447 66634/0x7fff7c369000 age/Cor/CoreMain.cpp:967 ]: Passenger core shutdown finished
